node:internal/fs/watchers:321
    const error = new UVException({
                  ^

Error: EBUSY: resource busy or locked, watch 'C:\Users\13557\Desktop\zlabscholar\tmp\49_zheng_wen.pdf'
    at FSWatcher.<computed> (node:internal/fs/watchers:321:19)
    at Object.watch (node:fs:2548:36)
    at createFsWatchInstance (file:///C:/Users/13557/Desktop/zlabscholar/node_modules/vite/dist/node/chunks/node.js:9185:16)
    at setFsWatchListener (file:///C:/Users/13557/Desktop/zlabscholar/node_modules/vite/dist/node/chunks/node.js:9227:14)
    at NodeFsHandler._watchWithNodeFs (file:///C:/Users/13557/Desktop/zlabscholar/node_modules/vite/dist/node/chunks/node.js:9342:20)
    at NodeFsHandler._handleFile (file:///C:/Users/13557/Desktop/zlabscholar/node_modules/vite/dist/node/chunks/node.js:9386:24)
    at NodeFsHandler._addToNodeFs (file:///C:/Users/13557/Desktop/zlabscholar/node_modules/vite/dist/node/chunks/node.js:9560:26)
Emitted 'error' event on FSWatcher instance at:
    at FSWatcher._handleError (file:///C:/Users/13557/Desktop/zlabscholar/node_modules/vite/dist/node/chunks/node.js:10359:146)
    at NodeFsHandler._addToNodeFs (file:///C:/Users/13557/Desktop/zlabscholar/node_modules/vite/dist/node/chunks/node.js:9565:18) {
  errno: -4082,
  syscall: 'watch',
  code: 'EBUSY',
  path: 'C:\\Users\\13557\\Desktop\\zlabscholar\\tmp\\49_zheng_wen.pdf',
  filename: 'C:\\Users\\13557\\Desktop\\zlabscholar\\tmp\\49_zheng_wen.pdf'
}

Node.js v24.18.0
